2021-12-30 18:10:40,340 - INFO : 
------------------------------------------------------------------------------
  PyXLL 

  Version          5.3.0
  Buildtime        2021-10-07 10:42
  Python version   3.9
  Excel version    16.0 (32 bit)

  www.pyxll.com
------------------------------------------------------------------------------
2021-12-30 18:10:53,108 - INFO : This product is licensed to 
2021-12-30 18:10:53,111 - INFO : The license will expire on 2022-01-08 (9 days left)
2021-12-30 18:10:53,225 - INFO : open
2021-12-30 18:10:53,239 - INFO : OK
2021-12-30 18:11:04,947 - WARNING : Delay in processing scheduled callbacks: Unable to find XLMAIN window.
2021-12-30 18:11:16,051 - WARNING : Delay in processing scheduled callbacks: Unable to find XLMAIN window.
2021-12-30 18:11:28,442 - INFO : 
------------------------------------------------------------------------------
  PyXLL 

  Version          5.3.0
  Buildtime        2021-10-07 10:42
  Python version   3.9
  Excel version    16.0 (32 bit)

  www.pyxll.com
------------------------------------------------------------------------------
2021-12-30 18:11:36,862 - INFO : This product is licensed to 
2021-12-30 18:11:36,863 - INFO : The license will expire on 2022-01-08 (9 days left)
2021-12-30 18:11:36,904 - INFO : reload
2021-12-30 22:49:50,720 - INFO : callbacks.on_close: PyXLL is closing
2021-12-30 22:49:58,445 - INFO : 
------------------------------------------------------------------------------
  PyXLL 

  Version          5.3.0
  Buildtime        2021-10-07 10:42
  Python version   3.9
  Excel version    16.0 (32 bit)

  www.pyxll.com
------------------------------------------------------------------------------
2021-12-30 22:50:14,546 - INFO : This product is licensed to 
2021-12-30 22:50:14,548 - INFO : The license will expire on 2022-01-08 (9 days left)
2021-12-30 22:50:14,767 - INFO : open
2021-12-30 22:50:14,820 - INFO : ["OK",null]
2021-12-30 22:50:26,662 - WARNING : Delay in processing scheduled callbacks: Unable to find XLMAIN window.
2021-12-30 22:50:37,658 - WARNING : Delay in processing scheduled callbacks: Unable to find XLMAIN window.
2021-12-30 22:50:46,814 - INFO : callbacks.on_close: PyXLL is closing
2021-12-30 23:33:28,868 - INFO : 
------------------------------------------------------------------------------
  PyXLL 

  Version          5.3.0
  Buildtime        2021-10-07 10:42
  Python version   3.9
  Excel version    16.0 (32 bit)

  www.pyxll.com
------------------------------------------------------------------------------
2021-12-30 23:33:31,845 - INFO : This product is licensed to 
2021-12-30 23:33:31,847 - INFO : The license will expire on 2022-01-08 (9 days left)
2021-12-30 23:33:32,030 - INFO : open
2021-12-30 23:33:32,064 - INFO : ["OK",{"recordsets":[[{"City":"ירושלים"},{"City":"טבריה"},{"City":"ירושלים"},{"City":"נתיבות"},{"City":"באר שבע"}]],"recordset":[{"City":"ירושלים"},{"City":"טבריה"},{"City":"ירושלים"},{"City":"נתיבות"},{"City":"באר שבע"}],"output":{},"rowsAffected":[]}]
2021-12-30 23:33:44,033 - WARNING : Delay in processing scheduled callbacks: Unable to find XLMAIN window.
2021-12-30 23:33:55,188 - WARNING : Delay in processing scheduled callbacks: Unable to find XLMAIN window.
2021-12-30 23:34:06,302 - WARNING : Delay in processing scheduled callbacks: Unable to find XLMAIN window.
2021-12-30 23:34:17,459 - WARNING : Delay in processing scheduled callbacks: Unable to find XLMAIN window.
2021-12-30 23:34:19,196 - INFO : callbacks.on_close: PyXLL is closing
